[0m[[0m[0mdebug[0m] [0m[0m> Exec(compile, Some(bd05e42b-fd26-4d3c-b4dd-bb971033c113), Some(CommandSource(console0)))[0m
[0m[[0m[0mdebug[0m] [0m[0mEvaluating tasks: Compile / compile[0m
[0m[[0m[0mdebug[0m] [0m[0mRunning task... Cancel: Signal, check cycles: false, forcegc: true[0m
[0m[[0m[0minfo[0m] [0m[0mcompiling 1 Scala source to /home/zahrof/Pictures/ppc/TME8_code/TME8_code/TME8/src/main/scala/target/scala-2.12/classes ...[0m
[0m[[0m[0minfo[0m] [0m[0mNon-compiled module 'compiler-bridge_2.12' for Scala 2.12.12. Compiling...[0m
[0m[[0m[0minfo[0m] [0m[0m  Compilation completed in 19.691s.[0m
[0m[[0m[31merror[0m] [0m[0m/home/zahrof/Pictures/ppc/TME8_code/TME8_code/TME8/src/main/scala/bach.scala:9:8: not found: object akka[0m
[0m[[0m[31merror[0m] [0m[0mimport akka.actor.{Props, Actor, ActorRef, ActorSystem}[0m
[0m[[0m[31merror[0m] [0m[0m       ^[0m
[0m[[0m[31merror[0m] [0m[0m/home/zahrof/Pictures/ppc/TME8_code/TME8_code/TME8/src/main/scala/bach.scala:24:25: not found: type Actor[0m
[0m[[0m[31merror[0m] [0m[0mclass BachActor extends Actor {[0m
[0m[[0m[31merror[0m] [0m[0m                        ^[0m
[0m[[0m[31merror[0m] [0m[0m/home/zahrof/Pictures/ppc/TME8_code/TME8_code/TME8/src/main/scala/bach.scala:28:3: not found: value context[0m
[0m[[0m[31merror[0m] [0m[0m  context.actorSelection("akka.tcp://Player@127.0.0.1:6000/user/Instrument")[0m
[0m[[0m[31merror[0m] [0m[0m  ^[0m
[0m[[0m[31merror[0m] [0m[0m/home/zahrof/Pictures/ppc/TME8_code/TME8_code/TME8/src/main/scala/bach.scala:32:15: missing parameter type for expanded function[0m
[0m[[0m[31merror[0m] [0m[0mThe argument types of an anonymous function must be fully known. (SLS 8.5)[0m
[0m[[0m[31merror[0m] [0m[0mExpected type was: ?[0m
[0m[[0m[31merror[0m] [0m[0mdef receive = {[0m
[0m[[0m[31merror[0m] [0m[0m              ^[0m
[0m[[0m[31merror[0m] [0m[0m/home/zahrof/Pictures/ppc/TME8_code/TME8_code/TME8/src/main/scala/bach.scala:207:16: not found: value ActorSystem[0m
[0m[[0m[31merror[0m] [0m[0m  val system = ActorSystem("Bach")[0m
[0m[[0m[31merror[0m] [0m[0m               ^[0m
[0m[[0m[31merror[0m] [0m[0m5 errors found[0m
[0m[[0m[31merror[0m] [0m[0m(Compile / [31mcompileIncremental[0m) Compilation failed[0m
[0m[[0m[31merror[0m] [0m[0mTotal time: 22 s, completed Dec 9, 2020 12:07:50 PM[0m
[0m[[0m[0mdebug[0m] [0m[0m> Exec(shell, None, None)[0m
[0m[[0m[0minfo[0m] [0m[0mshutting down sbt server[0m
